TN:
SF:math.js
FN:1,timesTwo
FN:4,isOdd
FNDA:0,timesTwo
FNDA:0,isOdd
FNF:2
FNH:0
BRDA:1,0,0,1
BRF:1
BRH:1
DA:1,1
DA:2,0
DA:3,1
DA:4,1
DA:5,0
DA:6,1
LH:4
LF:6
end_of_record
SF:math.test.mjs
FNF:0
FNH:0
BRDA:1,0,0,1
BRF:1
BRH:1
DA:1,1
DA:2,1
DA:3,1
DA:4,1
DA:5,1
DA:6,1
DA:7,1
DA:8,1
DA:9,1
DA:10,1
DA:11,1
DA:12,1
DA:13,1
DA:14,1
DA:15,1
DA:16,1
DA:17,1
DA:18,1
DA:19,1
DA:20,1
DA:21,1
LH:21
LF:21
end_of_record
SF:obj.js
FNF:0
FNH:0
BRDA:1,0,0,1
BRF:1
BRH:1
DA:1,1
LH:1
LF:1
end_of_record
SF:obj.test.js
FNF:0
FNH:0
BRDA:1,0,0,1
BRF:1
BRH:1
DA:1,1
DA:2,1
DA:3,1
DA:4,1
DA:5,1
DA:6,1
LH:6
LF:6
end_of_record
SF:pw.js
FNF:0
FNH:0
BRDA:1,0,0,1
BRF:1
BRH:1
DA:1,1
LH:1
LF:1
end_of_record
SF:pw.test.js
FNF:0
FNH:0
BRDA:1,0,0,1
BRF:1
BRH:1
DA:1,1
DA:2,1
DA:3,1
DA:4,1
DA:5,1
DA:6,1
DA:7,1
DA:8,1
DA:9,1
DA:10,1
DA:11,1
LH:11
LF:11
end_of_record
SF:stack.js
FN:1,<instance_members_initializer>
FN:4,Stack
FN:7,get stack
FN:10,canPush
FN:13,push
FN:18,peek
FN:22,pop
FNDA:13,<instance_members_initializer>
FNDA:13,Stack
FNDA:5,get stack
FNDA:307,canPush
FNDA:306,push
FNDA:4,peek
FNDA:2,pop
FNF:7
FNH:7
BRDA:1,0,0,1
BRDA:1,1,0,13
BRDA:4,2,0,13
BRDA:5,3,0,1
BRDA:7,4,0,5
BRDA:10,5,0,307
BRDA:13,6,0,306
BRDA:15,7,0,304
BRDA:15,8,0,2
BRDA:18,9,0,4
BRDA:22,10,0,2
BRF:11
BRH:11
DA:1,1
DA:2,13
DA:3,13
DA:4,13
DA:5,13
DA:6,13
DA:7,13
DA:8,5
DA:9,5
DA:10,13
DA:11,307
DA:12,307
DA:13,13
DA:14,306
DA:15,306
DA:16,2
DA:17,306
DA:18,13
DA:19,4
DA:20,4
DA:21,4
DA:22,13
DA:23,2
DA:24,2
DA:25,2
DA:26,2
DA:27,13
LH:27
LF:27
end_of_record
SF:stack.test.js
FN:14,anonymous_0
FN:15,anonymous_1
FN:20,anonymous_2
FN:24,anonymous_3
FN:31,anonymous_4
FN:32,anonymous_5
FN:33,anonymous_6
FN:34,anonymous_7
FN:35,anonymous_8
FN:37,anonymous_9
FN:44,anonymous_10
FN:45,anonymous_11
FN:51,anonymous_12
FN:60,anonymous_13
FN:61,anonymous_14
FN:68,anonymous_15
FN:76,anonymous_16
FN:78,anonymous_17
FN:80,anonymous_18
FN:83,anonymous_19
FN:86,anonymous_20
FN:90,anonymous_21
FN:92,anonymous_22
FN:96,anonymous_23
FN:98,anonymous_24
FN:101,anonymous_25
FN:107,anonymous_26
FN:108,anonymous_27
FN:109,anonymous_28
FNDA:1,anonymous_0
FNDA:1,anonymous_1
FNDA:1,anonymous_2
FNDA:1,anonymous_3
FNDA:1,anonymous_4
FNDA:1,anonymous_5
FNDA:7,anonymous_6
FNDA:1,anonymous_7
FNDA:7,anonymous_8
FNDA:1,anonymous_9
FNDA:1,anonymous_10
FNDA:1,anonymous_11
FNDA:1,anonymous_12
FNDA:1,anonymous_13
FNDA:1,anonymous_14
FNDA:1,anonymous_15
FNDA:1,anonymous_16
FNDA:3,anonymous_17
FNDA:297,anonymous_18
FNDA:1,anonymous_19
FNDA:1,anonymous_20
FNDA:1,anonymous_21
FNDA:1,anonymous_22
FNDA:1,anonymous_23
FNDA:2,anonymous_24
FNDA:1,anonymous_25
FNDA:1,anonymous_26
FNDA:1,anonymous_27
FNDA:1,anonymous_28
FNF:29
FNH:29
BRDA:1,0,0,1
BRDA:14,1,0,1
BRDA:15,2,0,1
BRDA:20,3,0,1
BRDA:24,4,0,1
BRDA:31,5,0,1
BRDA:32,6,0,1
BRDA:33,7,0,7
BRDA:34,8,0,1
BRDA:35,9,0,7
BRDA:37,10,0,1
BRDA:44,11,0,1
BRDA:45,12,0,1
BRDA:51,13,0,1
BRDA:60,14,0,1
BRDA:61,15,0,1
BRDA:68,16,0,1
BRDA:76,17,0,1
BRDA:78,18,0,3
BRDA:80,19,0,297
BRDA:83,20,0,1
BRDA:86,21,0,1
BRDA:90,22,0,1
BRDA:92,23,0,1
BRDA:96,24,0,1
BRDA:98,25,0,2
BRDA:101,26,0,1
BRDA:107,27,0,1
BRDA:108,28,0,1
BRDA:109,29,0,1
BRF:30
BRH:30
DA:1,1
DA:2,1
DA:3,1
DA:4,1
DA:5,1
DA:6,1
DA:7,1
DA:8,1
DA:9,1
DA:10,1
DA:11,1
DA:12,1
DA:13,1
DA:14,1
DA:15,1
DA:16,1
DA:17,1
DA:18,1
DA:19,1
DA:20,1
DA:21,1
DA:22,1
DA:23,1
DA:24,1
DA:25,1
DA:26,1
DA:27,1
DA:28,1
DA:29,1
DA:30,1
DA:31,1
DA:32,1
DA:33,1
DA:34,1
DA:35,1
DA:36,1
DA:37,1
DA:38,1
DA:39,1
DA:40,1
DA:41,1
DA:42,1
DA:43,1
DA:44,1
DA:45,1
DA:46,1
DA:47,1
DA:48,1
DA:49,1
DA:50,1
DA:51,1
DA:52,1
DA:53,1
DA:54,1
DA:55,1
DA:56,1
DA:57,1
DA:58,1
DA:59,1
DA:60,1
DA:61,1
DA:62,1
DA:63,1
DA:64,1
DA:65,1
DA:66,1
DA:67,1
DA:68,1
DA:69,1
DA:70,1
DA:71,1
DA:72,1
DA:73,1
DA:74,1
DA:75,1
DA:76,1
DA:77,1
DA:78,1
DA:79,3
DA:80,3
DA:81,1
DA:82,1
DA:83,1
DA:84,1
DA:85,1
DA:86,1
DA:87,1
DA:88,1
DA:89,1
DA:90,1
DA:91,1
DA:92,1
DA:93,1
DA:94,1
DA:95,1
DA:96,1
DA:97,1
DA:98,1
DA:99,2
DA:100,1
DA:101,1
DA:102,1
DA:103,1
DA:104,1
DA:105,1
DA:106,1
DA:107,1
DA:108,1
DA:109,1
DA:110,1
DA:111,1
LH:111
LF:111
end_of_record
